{
  "C:\\Users\\boss_\\hyf\\tic-tac-toe\\src\\data.js": {
    "path": "C:\\Users\\boss_\\hyf\\tic-tac-toe\\src\\data.js",
    "statementMap": {
      "0": {
        "start": { "line": 1, "column": 20 },
        "end": { "line": 9, "column": 1 }
      }
    },
    "fnMap": {},
    "branchMap": {},
    "s": { "0": 1 },
    "f": {},
    "b": {},
    "_coverageSchema": "1a1c01bbd47fc00a2c39e90264f33305004495a9",
    "hash": "8086a72c0caf8ea7b4038c58506cce8d285a71da"
  },
  "C:\\Users\\boss_\\hyf\\tic-tac-toe\\src\\dom.js": {
    "path": "C:\\Users\\boss_\\hyf\\tic-tac-toe\\src\\dom.js",
    "statementMap": {
      "0": {
        "start": { "line": 1, "column": 19 },
        "end": { "line": 6, "column": 1 }
      }
    },
    "fnMap": {},
    "branchMap": {},
    "s": { "0": 1 },
    "f": {},
    "b": {},
    "_coverageSchema": "1a1c01bbd47fc00a2c39e90264f33305004495a9",
    "hash": "c538897929310573421bfbb94d9a4194ee9fcd8d"
  },
  "C:\\Users\\boss_\\hyf\\tic-tac-toe\\src\\components\\createBoard.js": {
    "path": "C:\\Users\\boss_\\hyf\\tic-tac-toe\\src\\components\\createBoard.js",
    "statementMap": {
      "0": {
        "start": { "line": 3, "column": 27 },
        "end": { "line": 15, "column": 1 }
      },
      "1": {
        "start": { "line": 4, "column": 26 },
        "end": { "line": 4, "column": 55 }
      },
      "2": {
        "start": { "line": 5, "column": 4 },
        "end": { "line": 5, "column": 46 }
      },
      "3": {
        "start": { "line": 7, "column": 4 },
        "end": { "line": 13, "column": 5 }
      },
      "4": {
        "start": { "line": 7, "column": 17 },
        "end": { "line": 7, "column": 18 }
      },
      "5": {
        "start": { "line": 8, "column": 21 },
        "end": { "line": 8, "column": 50 }
      },
      "6": {
        "start": { "line": 9, "column": 8 },
        "end": { "line": 9, "column": 35 }
      },
      "7": {
        "start": { "line": 10, "column": 8 },
        "end": { "line": 10, "column": 20 }
      },
      "8": {
        "start": { "line": 11, "column": 8 },
        "end": { "line": 11, "column": 35 }
      },
      "9": {
        "start": { "line": 12, "column": 8 },
        "end": { "line": 12, "column": 58 }
      },
      "10": {
        "start": { "line": 14, "column": 4 },
        "end": { "line": 14, "column": 25 }
      }
    },
    "fnMap": {
      "0": {
        "name": "(anonymous_0)",
        "decl": {
          "start": { "line": 3, "column": 27 },
          "end": { "line": 3, "column": 28 }
        },
        "loc": {
          "start": { "line": 3, "column": 33 },
          "end": { "line": 15, "column": 1 }
        },
        "line": 3
      }
    },
    "branchMap": {},
    "s": {
      "0": 1,
      "1": 1,
      "2": 1,
      "3": 1,
      "4": 1,
      "5": 9,
      "6": 9,
      "7": 9,
      "8": 9,
      "9": 9,
      "10": 1
    },
    "f": { "0": 1 },
    "b": {},
    "_coverageSchema": "1a1c01bbd47fc00a2c39e90264f33305004495a9",
    "hash": "f171f5d3bb4107063494a1b2a44a1ac126fac54f"
  },
  "C:\\Users\\boss_\\hyf\\tic-tac-toe\\src\\handlers\\playerTurnHandler.js": {
    "path": "C:\\Users\\boss_\\hyf\\tic-tac-toe\\src\\handlers\\playerTurnHandler.js",
    "statementMap": {
      "0": {
        "start": { "line": 5, "column": 33 },
        "end": { "line": 31, "column": 1 }
      },
      "1": {
        "start": { "line": 6, "column": 19 },
        "end": { "line": 6, "column": 27 }
      },
      "2": {
        "start": { "line": 7, "column": 15 },
        "end": { "line": 7, "column": 24 }
      },
      "3": {
        "start": { "line": 9, "column": 4 },
        "end": { "line": 11, "column": 5 }
      },
      "4": {
        "start": { "line": 10, "column": 8 },
        "end": { "line": 10, "column": 15 }
      },
      "5": {
        "start": { "line": 13, "column": 4 },
        "end": { "line": 13, "column": 36 }
      },
      "6": {
        "start": { "line": 14, "column": 4 },
        "end": { "line": 14, "column": 33 }
      },
      "7": {
        "start": { "line": 15, "column": 4 },
        "end": { "line": 15, "column": 35 }
      },
      "8": {
        "start": { "line": 17, "column": 22 },
        "end": { "line": 22, "column": 5 }
      },
      "9": {
        "start": { "line": 24, "column": 4 },
        "end": { "line": 27, "column": 5 }
      },
      "10": {
        "start": { "line": 25, "column": 8 },
        "end": { "line": 25, "column": 45 }
      },
      "11": {
        "start": { "line": 26, "column": 8 },
        "end": { "line": 26, "column": 15 }
      },
      "12": {
        "start": { "line": 29, "column": 4 },
        "end": { "line": 29, "column": 48 }
      },
      "13": {
        "start": { "line": 30, "column": 4 },
        "end": { "line": 30, "column": 53 }
      }
    },
    "fnMap": {
      "0": {
        "name": "(anonymous_0)",
        "decl": {
          "start": { "line": 5, "column": 33 },
          "end": { "line": 5, "column": 34 }
        },
        "loc": {
          "start": { "line": 5, "column": 40 },
          "end": { "line": 31, "column": 1 }
        },
        "line": 5
      }
    },
    "branchMap": {
      "0": {
        "loc": {
          "start": { "line": 9, "column": 4 },
          "end": { "line": 11, "column": 5 }
        },
        "type": "if",
        "locations": [
          {
            "start": { "line": 9, "column": 4 },
            "end": { "line": 11, "column": 5 }
          },
          { "start": {}, "end": {} }
        ],
        "line": 9
      },
      "1": {
        "loc": {
          "start": { "line": 9, "column": 8 },
          "end": { "line": 9, "column": 68 }
        },
        "type": "binary-expr",
        "locations": [
          {
            "start": { "line": 9, "column": 8 },
            "end": { "line": 9, "column": 24 }
          },
          {
            "start": { "line": 9, "column": 28 },
            "end": { "line": 9, "column": 68 }
          }
        ],
        "line": 9
      },
      "2": {
        "loc": {
          "start": { "line": 24, "column": 4 },
          "end": { "line": 27, "column": 5 }
        },
        "type": "if",
        "locations": [
          {
            "start": { "line": 24, "column": 4 },
            "end": { "line": 27, "column": 5 }
          },
          { "start": {}, "end": {} }
        ],
        "line": 24
      },
      "3": {
        "loc": {
          "start": { "line": 29, "column": 16 },
          "end": { "line": 29, "column": 47 }
        },
        "type": "cond-expr",
        "locations": [
          {
            "start": { "line": 29, "column": 38 },
            "end": { "line": 29, "column": 41 }
          },
          {
            "start": { "line": 29, "column": 44 },
            "end": { "line": 29, "column": 47 }
          }
        ],
        "line": 29
      }
    },
    "s": {
      "0": 1,
      "1": 0,
      "2": 0,
      "3": 0,
      "4": 0,
      "5": 0,
      "6": 0,
      "7": 0,
      "8": 0,
      "9": 0,
      "10": 0,
      "11": 0,
      "12": 0,
      "13": 0
    },
    "f": { "0": 0 },
    "b": { "0": [0, 0], "1": [0, 0], "2": [0, 0], "3": [0, 0] },
    "_coverageSchema": "1a1c01bbd47fc00a2c39e90264f33305004495a9",
    "hash": "7aa6b54450fef89d09e3d5fd18bc6449aa257c7d"
  },
  "C:\\Users\\boss_\\hyf\\tic-tac-toe\\src\\utils\\selectWinner.js": {
    "path": "C:\\Users\\boss_\\hyf\\tic-tac-toe\\src\\utils\\selectWinner.js",
    "statementMap": {
      "0": {
        "start": { "line": 1, "column": 28 },
        "end": { "line": 23, "column": 1 }
      },
      "1": {
        "start": { "line": 2, "column": 20 },
        "end": { "line": 2, "column": 75 }
      },
      "2": {
        "start": { "line": 2, "column": 63 },
        "end": { "line": 2, "column": 73 }
      },
      "3": {
        "start": { "line": 4, "column": 4 },
        "end": { "line": 15, "column": 5 }
      },
      "4": {
        "start": { "line": 5, "column": 23 },
        "end": { "line": 5, "column": 27 }
      },
      "5": {
        "start": { "line": 6, "column": 8 },
        "end": { "line": 11, "column": 9 }
      },
      "6": {
        "start": { "line": 7, "column": 12 },
        "end": { "line": 10, "column": 13 }
      },
      "7": {
        "start": { "line": 8, "column": 16 },
        "end": { "line": 8, "column": 33 }
      },
      "8": {
        "start": { "line": 9, "column": 16 },
        "end": { "line": 9, "column": 22 }
      },
      "9": {
        "start": { "line": 12, "column": 8 },
        "end": { "line": 14, "column": 9 }
      },
      "10": {
        "start": { "line": 13, "column": 12 },
        "end": { "line": 13, "column": 61 }
      },
      "11": {
        "start": { "line": 17, "column": 19 },
        "end": { "line": 17, "column": 57 }
      },
      "12": {
        "start": { "line": 17, "column": 45 },
        "end": { "line": 17, "column": 56 }
      },
      "13": {
        "start": { "line": 18, "column": 4 },
        "end": { "line": 20, "column": 5 }
      },
      "14": {
        "start": { "line": 19, "column": 8 },
        "end": { "line": 19, "column": 56 }
      },
      "15": {
        "start": { "line": 22, "column": 4 },
        "end": { "line": 22, "column": 16 }
      }
    },
    "fnMap": {
      "0": {
        "name": "(anonymous_0)",
        "decl": {
          "start": { "line": 1, "column": 28 },
          "end": { "line": 1, "column": 29 }
        },
        "loc": {
          "start": { "line": 1, "column": 79 },
          "end": { "line": 23, "column": 1 }
        },
        "line": 1
      },
      "1": {
        "name": "(anonymous_1)",
        "decl": {
          "start": { "line": 2, "column": 50 },
          "end": { "line": 2, "column": 51 }
        },
        "loc": {
          "start": { "line": 2, "column": 63 },
          "end": { "line": 2, "column": 73 }
        },
        "line": 2
      },
      "2": {
        "name": "(anonymous_2)",
        "decl": {
          "start": { "line": 17, "column": 35 },
          "end": { "line": 17, "column": 36 }
        },
        "loc": {
          "start": { "line": 17, "column": 45 },
          "end": { "line": 17, "column": 56 }
        },
        "line": 17
      }
    },
    "branchMap": {
      "0": {
        "loc": {
          "start": { "line": 7, "column": 12 },
          "end": { "line": 10, "column": 13 }
        },
        "type": "if",
        "locations": [
          {
            "start": { "line": 7, "column": 12 },
            "end": { "line": 10, "column": 13 }
          },
          { "start": {}, "end": {} }
        ],
        "line": 7
      },
      "1": {
        "loc": {
          "start": { "line": 12, "column": 8 },
          "end": { "line": 14, "column": 9 }
        },
        "type": "if",
        "locations": [
          {
            "start": { "line": 12, "column": 8 },
            "end": { "line": 14, "column": 9 }
          },
          { "start": {}, "end": {} }
        ],
        "line": 12
      },
      "2": {
        "loc": {
          "start": { "line": 18, "column": 4 },
          "end": { "line": 20, "column": 5 }
        },
        "type": "if",
        "locations": [
          {
            "start": { "line": 18, "column": 4 },
            "end": { "line": 20, "column": 5 }
          },
          { "start": {}, "end": {} }
        ],
        "line": 18
      }
    },
    "s": {
      "0": 2,
      "1": 3,
      "2": 5,
      "3": 3,
      "4": 17,
      "5": 17,
      "6": 24,
      "7": 16,
      "8": 16,
      "9": 17,
      "10": 1,
      "11": 2,
      "12": 18,
      "13": 2,
      "14": 2,
      "15": 0
    },
    "f": { "0": 3, "1": 5, "2": 18 },
    "b": { "0": [16, 8], "1": [1, 16], "2": [2, 0] },
    "_coverageSchema": "1a1c01bbd47fc00a2c39e90264f33305004495a9",
    "hash": "db413d42d2d3a49e3a24dfe6ba96a0b9807d5a4c"
  }
}
